<?xml version="1.0" encoding="UTF-8"?>
<!-- Generated by org.testng.reporters.JUnitReportReporter -->
<testsuite hostname="EPINPUNW011C" failures="0" tests="1" name="sanityTests.LikeButton" time="1.813" errors="0" timestamp="2023-06-08T16:38:35 IST" skipped="0">
  <testcase classname="sanityTests.LikeButton" name="likeButton" time="1.813"/>
  <system-out/>
</testsuite> <!-- sanityTests.LikeButton -->
