<?xml version="1.0" encoding="UTF-8"?>
<!-- Generated by org.testng.reporters.JUnitReportReporter -->
<testsuite hostname="EPINPUNW011C" failures="0" tests="1" name="sanityTests.misc" time="1.891" errors="0" timestamp="2023-06-11T12:37:01 IST" skipped="0">
  <testcase classname="sanityTests.misc" name="throwKeyword" time="1.891"/>
  <system-out/>
</testsuite> <!-- sanityTests.misc -->
