<?xml version="1.0" encoding="UTF-8"?>
<!-- Generated by org.testng.reporters.JUnitReportReporter -->
<testsuite hostname="Agam-PC" failures="0" tests="1" name="Practise.GoogleAutomation" time="2.108" errors="0" timestamp="2023-01-14T20:55:55 IST" skipped="0">
  <testcase classname="Practise.GoogleAutomation" name="methodOne" time="2.108"/>
  <system-out/>
</testsuite> <!-- Practise.GoogleAutomation -->
