<?xml version="1.0" encoding="UTF-8"?>
<!-- Generated by org.testng.reporters.JUnitReportReporter -->
<testsuite hostname="EPINPUNW011C" failures="0" tests="1" name="Paralleltesting.ClassTwo" time="11.957" errors="0" timestamp="2023-06-08T17:48:03 IST" skipped="0">
  <testcase classname="Paralleltesting.ClassTwo" name="OneMethod" time="11.957"/>
  <system-out/>
</testsuite> <!-- Paralleltesting.ClassTwo -->
