<?xml version="1.0" encoding="UTF-8"?>
<!-- Generated by org.testng.reporters.JUnitReportReporter -->
<testsuite hostname="Agam-PC" failures="0" tests="1" name="APITC.FirstAPI" time="2.121" errors="0" timestamp="2023-01-15T10:05:49 IST" skipped="0">
  <testcase classname="APITC.FirstAPI" name="firstAPI" time="2.121"/>
  <system-out/>
</testsuite> <!-- APITC.FirstAPI -->
