<?xml version="1.0" encoding="UTF-8"?>
<!-- Generated by org.testng.reporters.JUnitReportReporter -->
<testsuite hostname="Agam-PC" failures="0" tests="1" name="APITC.DummyAPI" time="1.174" errors="0" timestamp="2023-02-23T23:35:27 IST" skipped="0">
  <testcase classname="APITC.DummyAPI" name="abc" time="1.174"/>
  <system-out/>
</testsuite> <!-- APITC.DummyAPI -->
