<?xml version="1.0" encoding="UTF-8"?>
<!-- Generated by org.testng.reporters.JUnitReportReporter -->
<testsuite hostname="EPINPUNW011C" failures="0" tests="1" name="smokeTests.SmokeTCOne" time="6.107" errors="0" timestamp="2023-06-07T18:50:45 IST" skipped="0">
  <testcase classname="smokeTests.SmokeTCOne" name="smokeOne" time="6.107"/>
  <system-out/>
</testsuite> <!-- smokeTests.SmokeTCOne -->
