<?xml version="1.0" encoding="UTF-8"?>
<!-- Generated by org.testng.reporters.JUnitReportReporter -->
<testsuite hostname="Agam-PC" failures="0" tests="1" name="APITC.AddPlace" time="1.867" errors="0" timestamp="2023-05-05T11:27:24 IST" skipped="0">
  <testcase classname="APITC.AddPlace" name="addPlace" time="1.867"/>
  <system-out/>
</testsuite> <!-- APITC.AddPlace -->
