<?xml version="1.0" encoding="UTF-8"?>
<!-- Generated by org.testng.reporters.JUnitReportReporter -->
<testsuite hostname="EPINPUNW011C" failures="0" tests="3" name="com.learning.selenium.TestCaseTwo" time="1.604" errors="0" timestamp="2023-06-15T16:07:07 IST" skipped="0">
  <testcase classname="com.learning.selenium.TestCaseTwo" name="profilePage" time="0.002"/>
  <system-out/>
  <testcase classname="com.learning.selenium.TestCaseTwo" name="homepage" time="0.003"/>
  <system-out/>
  <testcase classname="com.learning.selenium.TestCaseTwo" name="login" time="1.599"/>
  <system-out/>
</testsuite> <!-- com.learning.selenium.TestCaseTwo -->
