<?xml version="1.0" encoding="UTF-8"?>
<!-- Generated by org.testng.reporters.JUnitReportReporter -->
<testsuite hostname="Agam-PC" failures="0" tests="1" name="Interview.Test2" time="4.084" errors="0" timestamp="2023-01-25T15:55:57 IST" skipped="0">
  <testcase classname="Interview.Test2" name="testOne" time="4.084"/>
  <system-out/>
</testsuite> <!-- Interview.Test2 -->
