<?xml version="1.0" encoding="UTF-8"?>
<!-- Generated by org.testng.reporters.JUnitReportReporter -->
<testsuite hostname="Agam-PC" failures="0" tests="1" name="Paralleltesting.ClassTwo" time="13.874" errors="0" timestamp="2023-01-22T19:47:58 IST" skipped="0">
  <testcase classname="Paralleltesting.ClassTwo" name="OneMethod" time="13.874"/>
  <system-out/>
</testsuite> <!-- Paralleltesting.ClassTwo -->
