<?xml version="1.0" encoding="UTF-8"?>
<!-- Generated by org.testng.reporters.JUnitReportReporter -->
<testsuite hostname="EPINPUNW011C" failures="0" tests="1" name="TestCases.TestCaseOne" time="5.364" errors="0" timestamp="2023-06-07T14:24:09 IST" skipped="0">
  <testcase classname="TestCases.TestCaseOne" name="testCaseMethodOne" time="5.364"/>
  <system-out/>
</testsuite> <!-- TestCases.TestCaseOne -->
