<?xml version="1.0" encoding="UTF-8"?>
<!-- Generated by org.testng.reporters.JUnitReportReporter -->
<testsuite hostname="EPINPUNW011C" failures="0" tests="2" name="Paralleltesting.ClassOne" time="4.801" errors="0" timestamp="2023-06-08T17:48:03 IST" skipped="0">
  <testcase classname="Paralleltesting.ClassOne" name="ThreeMethod" time="0.001"/>
  <system-out/>
  <testcase classname="Paralleltesting.ClassOne" name="OneMethod" time="4.800"/>
  <system-out/>
</testsuite> <!-- Paralleltesting.ClassOne -->
