<?xml version="1.0" encoding="UTF-8"?>
<!-- Generated by org.testng.reporters.JUnitReportReporter -->
<testsuite hostname="Agam-PC" failures="0" tests="1" name="APITC.TraverseTheJSON" time="1.186" errors="0" timestamp="2023-05-23T18:36:35 IST" skipped="0">
  <testcase classname="APITC.TraverseTheJSON" name="traverseTheJSON" time="1.186"/>
  <system-out/>
</testsuite> <!-- APITC.TraverseTheJSON -->
