<?xml version="1.0" encoding="UTF-8"?>
<!-- Generated by org.testng.reporters.JUnitReportReporter -->
<testsuite hostname="Agam-PC" failures="0" tests="1" name="FITtoPOJO.AddPlaceFit" time="0.397" errors="0" timestamp="2023-05-04T18:08:05 IST" skipped="0">
  <testcase classname="FITtoPOJO.AddPlaceFit" name="fitDataToPOJO" time="0.397"/>
  <system-out/>
</testsuite> <!-- FITtoPOJO.AddPlaceFit -->
